This is pdfTeX, Version 3.14159265-2.6-1.40.21 (MiKTeX 2.9.7300 64-bit) (preloaded format=pdflatex 2020.4.17)  17 APR 2020 20:19
entering extended mode
**C:/Users/joanl/Documents/trama-fixed-2020/trama2012.tex
(C:/Users/joanl/Documents/trama-fixed-2020/trama2012.tex
LaTeX2e <2020-02-02> patch level 1
L3 programming layer <2020-02-08>
(C:\Users\joanl\AppData\Roaming\MiKTeX\2.9\tex/latex/koma-script\scrreprt.cls
Document Class: scrreprt 2020/01/24 v3.29 KOMA-Script document class (report)
(C:\Users\joanl\AppData\Roaming\MiKTeX\2.9\tex/latex/koma-script\scrkbase.sty
Package: scrkbase 2020/01/24 v3.29 KOMA-Script package (KOMA-Script-dependent b
asics and keyval usage)

(C:\Users\joanl\AppData\Roaming\MiKTeX\2.9\tex/latex/koma-script\scrbase.sty
Package: scrbase 2020/01/24 v3.29 KOMA-Script package (KOMA-Script-independent 
basics and keyval usage)

("C:\Program Files\MiKTeX 2.9\tex/latex/graphics\keyval.sty"
Package: keyval 2014/10/28 v1.15 key=value parser (DPC)
\KV@toks@=\toks14
)
(C:\Users\joanl\AppData\Roaming\MiKTeX\2.9\tex/latex/koma-script\scrlfile.sty
Package: scrlfile 2020/01/24 v3.29 KOMA-Script package (loading files)
))) (C:\Users\joanl\AppData\Roaming\MiKTeX\2.9\tex/latex/koma-script\tocbasic.s
ty
Package: tocbasic 2020/01/24 v3.29 KOMA-Script package (handling toc-files)
\scr@dte@tocline@numberwidth=\skip47
\scr@dte@tocline@numbox=\box45
)
Package tocbasic Info: omitting babel extension for `toc'
(tocbasic)             because of feature `nobabel' available
(tocbasic)             for `toc' on input line 137.
Class scrreprt Info: You've used standard option `openright'.
(scrreprt)           This is correct!
(scrreprt)           Internally I'm using `open=right'.
(scrreprt)           If you'd like to set the option with \KOMAoptions,
(scrreprt)           you'd have to use `open=right' there
(scrreprt)           instead of `openright', too.


Class scrreprt Warning: deprecated option `enabledeprecatedfontcommands'.
(scrreprt)              Note, that this option was already depreacted when
(scrreprt)              it has been defined. Support for old font commands
(scrreprt)              has been removed from KOMA-Script more than one
(scrreprt)              decade ago. It is not recommended to use them any
(scrreprt)              longer. Therefore usage of this class option also
(scrreprt)              is not recommended.

Class scrreprt Info: File `scrsize11pt.clo' used to setup font sizes on input l
ine 2421.

(C:\Users\joanl\AppData\Roaming\MiKTeX\2.9\tex/latex/koma-script\scrsize11pt.cl
o
File: scrsize11pt.clo 2020/01/24 v3.29 KOMA-Script font size class option (11pt
)
)
(C:\Users\joanl\AppData\Roaming\MiKTeX\2.9\tex/latex/koma-script\typearea.sty
Package: typearea 2020/01/24 v3.29 KOMA-Script package (type area)
\ta@bcor=\skip48
\ta@div=\count167
\ta@hblk=\skip49
\ta@vblk=\skip50
\ta@temp=\skip51
\footheight=\skip52
Package typearea Info: These are the values describing the layout:
(typearea)             DIV  = 10
(typearea)             BCOR = 14.22636pt
(typearea)             \paperwidth      = 597.50793pt
(typearea)              \textwidth      = 408.2971pt
(typearea)              DIV departure   = -3%
(typearea)              \evensidemargin = 44.38632pt
(typearea)              \oddsidemargin  = 0.28453pt
(typearea)             \paperheight     = 845.04694pt
(typearea)              \textheight     = 555.00024pt
(typearea)              \topmargin      = 12.2347pt
(typearea)              \headheight     = 17.0pt
(typearea)              \headsep        = 20.40001pt
(typearea)              \topskip        = 11.0pt
(typearea)              \footskip       = 47.6pt
(typearea)              \baselineskip   = 13.6pt
(typearea)              on input line 1719.
)
\c@part=\count168
\c@chapter=\count169
\c@section=\count170
\c@subsection=\count171
\c@subsubsection=\count172
\c@paragraph=\count173
\c@subparagraph=\count174
\scr@dte@chapter@maxnumwidth=\skip53
Class scrreprt Info: using compatibility default `afterindent=bysign'
(scrreprt)           for `\chapter on input line 5547.
\scr@dte@section@maxnumwidth=\skip54
Class scrreprt Info: using compatibility default `runin=bysign'
(scrreprt)           for `\section on input line 5557.
Class scrreprt Info: using compatibility default `afterindent=bysign'
(scrreprt)           for `\section on input line 5557.
\scr@dte@part@maxnumwidth=\skip55
Class scrreprt Info: using compatibility default `afterindent=true'
(scrreprt)           for `\part on input line 5566.
\scr@dte@subsection@maxnumwidth=\skip56
Class scrreprt Info: using compatibility default `runin=bysign'
(scrreprt)           for `\subsection on input line 5576.
Class scrreprt Info: using compatibility default `afterindent=bysign'
(scrreprt)           for `\subsection on input line 5576.
\scr@dte@subsubsection@maxnumwidth=\skip57
Class scrreprt Info: using compatibility default `runin=bysign'
(scrreprt)           for `\subsubsection on input line 5586.
Class scrreprt Info: using compatibility default `afterindent=bysign'
(scrreprt)           for `\subsubsection on input line 5586.
\scr@dte@paragraph@maxnumwidth=\skip58
Class scrreprt Info: using compatibility default `runin=bysign'
(scrreprt)           for `\paragraph on input line 5596.
Class scrreprt Info: using compatibility default `afterindent=bysign'
(scrreprt)           for `\paragraph on input line 5596.
\scr@dte@subparagraph@maxnumwidth=\skip59
Class scrreprt Info: using compatibility default `runin=bysign'
(scrreprt)           for `\subparagraph on input line 5606.
Class scrreprt Info: using compatibility default `afterindent=bysign'
(scrreprt)           for `\subparagraph on input line 5606.
\abovecaptionskip=\skip60
\belowcaptionskip=\skip61
\c@pti@nb@sid@b@x=\box46
Package tocbasic Info: omitting babel extension for `lof'
(tocbasic)             because of feature `nobabel' available
(tocbasic)             for `lof' on input line 6842.
\scr@dte@figure@maxnumwidth=\skip62
\c@figure=\count175
Package tocbasic Info: omitting babel extension for `lot'
(tocbasic)             because of feature `nobabel' available
(tocbasic)             for `lot' on input line 6859.
\scr@dte@table@maxnumwidth=\skip63
\c@table=\count176
Class scrreprt Info: Redefining `\numberline' on input line 7028.
\bibindent=\dimen134
) (C:/Users/joanl/Documents/trama-fixed-2020\classicthesis-config.tex
\c@dummy=\count177

("C:\Program Files\MiKTeX 2.9\tex/latex/base\inputenc.sty"
Package: inputenc 2018/08/11 v1.3c Input encoding file
\inpenc@prehook=\toks15
\inpenc@posthook=\toks16

(C:\Users\joanl\AppData\Roaming\MiKTeX\2.9\tex/latex/ucs\utf8x.def
File: utf8x.def 2004/10/17 UCS: Input encoding UTF-8
))
(C:\Users\joanl\AppData\Roaming\MiKTeX\2.9\tex/latex/ucs\ucs.sty
Package: ucs 2013/05/11 v2.2 UCS: Unicode input support

(C:\Users\joanl\AppData\Roaming\MiKTeX\2.9\tex/latex/ucs\uni-global.def
File: uni-global.def 2013/05/13 UCS: Unicode global data
)
\uc@secondtry=\count178
\uc@combtoks=\toks17
\uc@combtoksb=\toks18
\uc@temptokena=\toks19
)
("C:\Program Files\MiKTeX 2.9\tex/generic/babel\babel.sty"
Package: babel 2020/02/03 3.39 The Babel package

("C:\Program Files\MiKTeX 2.9\tex/generic/babel\switch.def"
File: switch.def 2020/02/03 3.39 Babel switching mechanism
)
*************************************
* Local config file bblopts.cfg used
*
("C:\Program Files\MiKTeX 2.9\tex/latex/arabi\bblopts.cfg"
File: bblopts.cfg 2005/09/08 v0.1 add Arabic and Farsi to "declared" options of
 babel
)
("C:\Program Files\MiKTeX 2.9\tex/latex/babel-english\british.ldf"
Language: british 2017/06/06 v3.3r English support from the babel system

("C:\Program Files\MiKTeX 2.9\tex/latex/babel-english\english.ldf"
Language: english 2017/06/06 v3.3r English support from the babel system

("C:\Program Files\MiKTeX 2.9\tex/generic/babel\babel.def"
File: babel.def 2020/02/03 3.39 Babel common definitions
\babel@savecnt=\count179
\U@D=\dimen135

("C:\Program Files\MiKTeX 2.9\tex/generic/babel\txtbabel.def")
\bbl@readstream=\read2
\bbl@dirlevel=\count180
)
Package babel Info: \l@canadian = using hyphenrules for english
(babel)             (\language0) on input line 102.
Package babel Info: \l@australian = using hyphenrules for ukenglish
(babel)             (\language72) on input line 105.
Package babel Info: \l@newzealand = using hyphenrules for ukenglish
(babel)             (\language72) on input line 108.
)))
("C:\Program Files\MiKTeX 2.9\tex/latex/amsmath\amsmath.sty"
Package: amsmath 2020/01/20 v2.17e AMS math features
\@mathmargin=\skip64

For additional information on amsmath, use the `?' option.
("C:\Program Files\MiKTeX 2.9\tex/latex/amsmath\amstext.sty"
Package: amstext 2000/06/29 v2.01 AMS text

("C:\Program Files\MiKTeX 2.9\tex/latex/amsmath\amsgen.sty"
File: amsgen.sty 1999/11/30 v2.0 generic functions
\@emptytoks=\toks20
\ex@=\dimen136
))
("C:\Program Files\MiKTeX 2.9\tex/latex/amsmath\amsbsy.sty"
Package: amsbsy 1999/11/29 v1.2d Bold Symbols
\pmbraise@=\dimen137
)
("C:\Program Files\MiKTeX 2.9\tex/latex/amsmath\amsopn.sty"
Package: amsopn 2016/03/08 v2.02 operator names
)
\inf@bad=\count181
LaTeX Info: Redefining \frac on input line 227.
\uproot@=\count182
\leftroot@=\count183
LaTeX Info: Redefining \overline on input line 389.
\classnum@=\count184
\DOTSCASE@=\count185
LaTeX Info: Redefining \ldots on input line 486.
LaTeX Info: Redefining \dots on input line 489.
LaTeX Info: Redefining \cdots on input line 610.
\Mathstrutbox@=\box47
\strutbox@=\box48
\big@size=\dimen138
LaTeX Font Info:    Redeclaring font encoding OML on input line 733.
LaTeX Font Info:    Redeclaring font encoding OMS on input line 734.
\macc@depth=\count186
\c@MaxMatrixCols=\count187
\dotsspace@=\muskip16
\c@parentequation=\count188
\dspbrk@lvl=\count189
\tag@help=\toks21
\row@=\count190
\column@=\count191
\maxfields@=\count192
\andhelp@=\toks22
\eqnshift@=\dimen139
\alignsep@=\dimen140
\tagshift@=\dimen141
\tagwidth@=\dimen142
\totwidth@=\dimen143
\lineht@=\dimen144
\@envbody=\toks23
\multlinegap=\skip65
\multlinetaggap=\skip66
\mathdisplay@stack=\toks24
LaTeX Info: Redefining \[ on input line 2859.
LaTeX Info: Redefining \] on input line 2860.
)
("C:\Program Files\MiKTeX 2.9\tex/latex/amsfonts\amssymb.sty"
Package: amssymb 2013/01/14 v3.01 AMS font symbols

("C:\Program Files\MiKTeX 2.9\tex/latex/amsfonts\amsfonts.sty"
Package: amsfonts 2013/01/14 v3.01 Basic AMSFonts support
\symAMSa=\mathgroup4
\symAMSb=\mathgroup5
LaTeX Font Info:    Redeclaring math symbol \hbar on input line 98.
LaTeX Font Info:    Overwriting math alphabet `\mathfrak' in version `bold'
(Font)                  U/euf/m/n --> U/euf/b/n on input line 106.
))
("C:\Program Files\MiKTeX 2.9\tex/latex/tools\bm.sty"
Package: bm 2019/07/24 v1.2d Bold Symbol Support (DPC/FMi)
\symboldoperators=\mathgroup6
\symboldletters=\mathgroup7
\symboldsymbols=\mathgroup8
LaTeX Font Info:    Redeclaring math alphabet \mathbf on input line 141.
LaTeX Info: Redefining \bm on input line 209.
)
("C:\Program Files\MiKTeX 2.9\tex/latex/base\fontenc.sty"
Package: fontenc 2020/01/25 v2.0m Standard LaTeX package
)
("C:\Program Files\MiKTeX 2.9\tex/latex/tools\xspace.sty"
Package: xspace 2014/10/28 v1.13 Space after command names (DPC,MH)
)
(C:\Users\joanl\AppData\Roaming\MiKTeX\2.9\tex/latex/mparhack\mparhack.sty
Package: mparhack 2005/04/17 v1.4 (T. Sgouros and S. Ulrich)
)
("C:\Program Files\MiKTeX 2.9\tex/latex/base\fixltx2e.sty"
Package: fixltx2e 2016/12/29 v2.1a fixes to LaTeX (obsolete)
Applying: [2015/01/01] Old fixltx2e package on input line 46.


Package fixltx2e Warning: fixltx2e is not required with releases after 2015
(fixltx2e)                All fixes are now in the LaTeX kernel.
(fixltx2e)                See the latexrelease package for details.

Already applied: [0000/00/00] Old fixltx2e package on input line 53.
) (C:\Users\joanl\AppData\Roaming\MiKTeX\2.9\tex/latex/acronym\acronym.sty
Package: acronym 2020/04/17 v1.47 Support for acronyms (Tobias Oetiker)

(C:\Users\joanl\AppData\Roaming\MiKTeX\2.9\tex/latex/bigfoot\suffix.sty
Package: suffix 2006/07/15 1.5a Variant command support
)
(C:\Users\joanl\AppData\Roaming\MiKTeX\2.9\tex/latex/xstring\xstring.sty
(C:\Users\joanl\AppData\Roaming\MiKTeX\2.9\tex/generic/xstring\xstring.tex
\integerpart=\count193
\decimalpart=\count194
)
Package: xstring 2019/02/06 v1.83 String manipulations (CT)
)
(C:\Users\joanl\AppData\Roaming\MiKTeX\2.9\tex/latex/relsize\relsize.sty
Package: relsize 2013/03/29 ver 4.1
)
\AC@clearlist=\toks25
)
("C:\Program Files\MiKTeX 2.9\tex/latex/graphics\graphicx.sty"
Package: graphicx 2019/11/30 v1.2a Enhanced LaTeX Graphics (DPC,SPQR)

("C:\Program Files\MiKTeX 2.9\tex/latex/graphics\graphics.sty"
Package: graphics 2019/11/30 v1.4a Standard LaTeX Graphics (DPC,SPQR)

("C:\Program Files\MiKTeX 2.9\tex/latex/graphics\trig.sty"
Package: trig 2016/01/03 v1.10 sin cos tan (DPC)
)
("C:\Program Files\MiKTeX 2.9\tex/latex/graphics-cfg\graphics.cfg"
File: graphics.cfg 2016/06/04 v1.11 sample graphics configuration
)
Package graphics Info: Driver file: pdftex.def on input line 105.

("C:\Program Files\MiKTeX 2.9\tex/latex/graphics-def\pdftex.def"
File: pdftex.def 2018/01/08 v1.0l Graphics/color driver for pdftex
))
\Gin@req@height=\dimen145
\Gin@req@width=\dimen146
)
(C:\Users\joanl\AppData\Roaming\MiKTeX\2.9\tex/latex/nopageno\nopageno.sty
Package: nopageno 1989/01/01 no page numbers (DPC)
)
(C:\Users\joanl\AppData\Roaming\MiKTeX\2.9\tex/latex/gloss\gloss.sty
Package: gloss 2002/07/26 1.5.2 Gloss package
\glosshang=\skip67
)
(C:\Users\joanl\AppData\Roaming\MiKTeX\2.9\tex/latex/natbib\natbib.sty
Package: natbib 2010/09/13 8.31b (PWD, AO)
\bibhang=\skip68
\bibsep=\skip69
LaTeX Info: Redefining \cite on input line 694.
\c@NAT@ctr=\count195
)
("C:\Program Files\MiKTeX 2.9\tex/latex/tools\tabularx.sty"
Package: tabularx 2020/01/15 v2.11c `tabularx' package (DPC)

("C:\Program Files\MiKTeX 2.9\tex/latex/tools\array.sty"
Package: array 2019/08/31 v2.4l Tabular extension package (FMi)
\col@sep=\dimen147
\ar@mcellbox=\box49
\extrarowheight=\dimen148
\NC@list=\toks26
\extratabsurround=\skip70
\backup@length=\skip71
\ar@cellbox=\box50
)
\TX@col@width=\dimen149
\TX@old@table=\dimen150
\TX@old@col=\dimen151
\TX@target=\dimen152
\TX@delta=\dimen153
\TX@cols=\count196
\TX@ftn=\toks27
)
(C:\Users\joanl\AppData\Roaming\MiKTeX\2.9\tex/latex/caption\caption.sty
Package: caption 2020/01/03 v3.4h Customizing captions (AR)

(C:\Users\joanl\AppData\Roaming\MiKTeX\2.9\tex/latex/caption\caption3.sty
Package: caption3 2020/01/03 v1.8h caption3 kernel (AR)
Package caption3 Info: TeX engine: e-TeX on input line 61.
\captionmargin=\dimen154
\captionmargin@=\dimen155
\captionwidth=\dimen156
\caption@tempdima=\dimen157
\caption@indent=\dimen158
\caption@parindent=\dimen159
\caption@hangindent=\dimen160
Package caption Info: KOMA-Script document class detected.
)
Package caption Info: KOMA-Script document class.
\c@caption@flags=\count197
\c@continuedfloat=\count198
)
(C:\Users\joanl\AppData\Roaming\MiKTeX\2.9\tex/latex/subfig\subfig.sty
Package: subfig 2005/06/28 ver: 1.3 subfig package
\c@KVtest=\count199
\sf@farskip=\skip72
\sf@captopadj=\dimen161
\sf@capskip=\skip73
\sf@nearskip=\skip74
\c@subfigure=\count266
\c@subfigure@save=\count267
\c@lofdepth=\count268
\c@subtable=\count269
\c@subtable@save=\count270
\c@lotdepth=\count271
\sf@top=\skip75
\sf@bottom=\skip76
)
("C:\Program Files\MiKTeX 2.9\tex/latex/listings\listings.sty"
\lst@mode=\count272
\lst@gtempboxa=\box51
\lst@token=\toks28
\lst@length=\count273
\lst@currlwidth=\dimen162
\lst@column=\count274
\lst@pos=\count275
\lst@lostspace=\dimen163
\lst@width=\dimen164
\lst@newlines=\count276
\lst@lineno=\count277
\lst@maxwidth=\dimen165

("C:\Program Files\MiKTeX 2.9\tex/latex/listings\lstmisc.sty"
File: lstmisc.sty 2019/09/10 1.8c (Carsten Heinz)
\c@lstnumber=\count278
\lst@skipnumbers=\count279
\lst@framebox=\box52
)
("C:\Program Files\MiKTeX 2.9\tex/latex/listings\listings.cfg"
File: listings.cfg 2019/09/10 1.8c listings configuration
))
Package: listings 2019/09/10 1.8c (Carsten Heinz)

("C:\Program Files\MiKTeX 2.9\tex/latex/listings\lstlang1.sty"
File: lstlang1.sty 2019/09/10 1.8c listings language file
)
("C:\Program Files\MiKTeX 2.9\tex/latex/listings\lstlang1.sty"
File: lstlang1.sty 2019/09/10 1.8c listings language file
)
("C:\Program Files\MiKTeX 2.9\tex/latex/listings\lstmisc.sty"
File: lstmisc.sty 2019/09/10 1.8c (Carsten Heinz)
)
("C:\Program Files\MiKTeX 2.9\tex/latex/hyperref\hyperref.sty"
Package: hyperref 2020/01/14 v7.00d Hypertext links for LaTeX

(C:\Users\joanl\AppData\Roaming\MiKTeX\2.9\tex/generic/ltxcmds\ltxcmds.sty
Package: ltxcmds 2019/12/15 v1.24 LaTeX kernel commands for general use (HO)
)
("C:\Program Files\MiKTeX 2.9\tex/generic/iftex\iftex.sty"
Package: iftex 2019/11/07 v1.0c TeX engine tests
)
("C:\Program Files\MiKTeX 2.9\tex/latex/pdftexcmds\pdftexcmds.sty"
Package: pdftexcmds 2019/11/24 v0.31 Utility functions of pdfTeX for LuaTeX (HO
)

(C:\Users\joanl\AppData\Roaming\MiKTeX\2.9\tex/generic/infwarerr\infwarerr.sty
Package: infwarerr 2019/12/03 v1.5 Providing info/warning/error messages (HO)
)
Package pdftexcmds Info: \pdf@primitive is available.
Package pdftexcmds Info: \pdf@ifprimitive is available.
Package pdftexcmds Info: \pdfdraftmode found.
)
(C:\Users\joanl\AppData\Roaming\MiKTeX\2.9\tex/generic/kvsetkeys\kvsetkeys.sty
Package: kvsetkeys 2019/12/15 v1.18 Key value parser (HO)
)
(C:\Users\joanl\AppData\Roaming\MiKTeX\2.9\tex/generic/kvdefinekeys\kvdefinekey
s.sty
Package: kvdefinekeys 2019-12-19 v1.6 Define keys (HO)
)
(C:\Users\joanl\AppData\Roaming\MiKTeX\2.9\tex/generic/pdfescape\pdfescape.sty
Package: pdfescape 2019/12/09 v1.15 Implements pdfTeX's escape features (HO)
) (C:\Users\joanl\AppData\Roaming\MiKTeX\2.9\tex/latex/hycolor\hycolor.sty
Package: hycolor 2020-01-27 v1.10 Color options for hyperref/bookmark (HO)
)
(C:\Users\joanl\AppData\Roaming\MiKTeX\2.9\tex/latex/letltxmacro\letltxmacro.st
y
Package: letltxmacro 2019/12/03 v1.6 Let assignment for LaTeX macros (HO)
) (C:\Users\joanl\AppData\Roaming\MiKTeX\2.9\tex/latex/auxhook\auxhook.sty
Package: auxhook 2019-12-17 v1.6 Hooks for auxiliary files (HO)
)
(C:\Users\joanl\AppData\Roaming\MiKTeX\2.9\tex/latex/kvoptions\kvoptions.sty
Package: kvoptions 2019/11/29 v3.13 Key value format for package options (HO)
)
\@linkdim=\dimen166
\Hy@linkcounter=\count280
\Hy@pagecounter=\count281

("C:\Program Files\MiKTeX 2.9\tex/latex/hyperref\pd1enc.def"
File: pd1enc.def 2020/01/14 v7.00d Hyperref: PDFDocEncoding definition (HO)
)
(C:\Users\joanl\AppData\Roaming\MiKTeX\2.9\tex/generic/intcalc\intcalc.sty
Package: intcalc 2019/12/15 v1.3 Expandable calculations with integers (HO)
)
(C:\Users\joanl\AppData\Roaming\MiKTeX\2.9\tex/generic/etexcmds\etexcmds.sty
Package: etexcmds 2019/12/15 v1.7 Avoid name clashes with e-TeX commands (HO)
)
\Hy@SavedSpaceFactor=\count282
Package hyperref Info: Option `hyperfootnotes' set `false' on input line 4421.
Package hyperref Info: Option `pdfpagelabels' set `true' on input line 4421.
Package hyperref Info: Hyper figures OFF on input line 4547.
Package hyperref Info: Link nesting OFF on input line 4552.
Package hyperref Info: Hyper index ON on input line 4555.
Package hyperref Info: Plain pages OFF on input line 4562.
Package hyperref Info: Backreferencing OFF on input line 4567.
Package hyperref Info: Implicit mode ON; LaTeX internals redefined.
Package hyperref Info: Bookmarks ON on input line 4800.
\c@Hy@tempcnt=\count283

("C:\Program Files\MiKTeX 2.9\tex/latex/url\url.sty"
\Urlmuskip=\muskip17
Package: url 2013/09/16  ver 3.4  Verb mode for urls, etc.
)
LaTeX Info: Redefining \url on input line 5159.
\XeTeXLinkMargin=\dimen167

(C:\Users\joanl\AppData\Roaming\MiKTeX\2.9\tex/generic/bitset\bitset.sty
Package: bitset 2019/12/09 v1.3 Handle bit-vector datatype (HO)

(C:\Users\joanl\AppData\Roaming\MiKTeX\2.9\tex/generic/bigintcalc\bigintcalc.st
y
Package: bigintcalc 2019/12/15 v1.5 Expandable calculations on big integers (HO
)
))
\Fld@menulength=\count284
\Field@Width=\dimen168
\Fld@charsize=\dimen169
Package hyperref Info: Hyper figures OFF on input line 6430.
Package hyperref Info: Link nesting OFF on input line 6435.
Package hyperref Info: Hyper index ON on input line 6438.
Package hyperref Info: backreferencing OFF on input line 6445.
Package hyperref Info: Link coloring OFF on input line 6450.
Package hyperref Info: Link coloring with OCG OFF on input line 6455.
Package hyperref Info: PDF/A mode OFF on input line 6460.
LaTeX Info: Redefining \ref on input line 6500.
LaTeX Info: Redefining \pageref on input line 6504.

(C:\Users\joanl\AppData\Roaming\MiKTeX\2.9\tex/generic/atbegshi\atbegshi.sty
Package: atbegshi 2019/12/05 v1.19 At begin shipout hook (HO)
)
\Hy@abspage=\count285
\c@Item=\count286
)
Package hyperref Info: Driver: hpdftex.

("C:\Program Files\MiKTeX 2.9\tex/latex/hyperref\hpdftex.def"
File: hpdftex.def 2020/01/14 v7.00d Hyperref driver for pdfTeX

(C:\Users\joanl\AppData\Roaming\MiKTeX\2.9\tex/latex/atveryend\atveryend.sty
Package: atveryend 2019-12-11 v1.11 Hooks at the very end of document (HO)
Package atveryend Info: \enddocument detected (standard20110627).
)
\Fld@listcount=\count287
\c@bookmark@seq@number=\count288

(C:\Users\joanl\AppData\Roaming\MiKTeX\2.9\tex/latex/rerunfilecheck\rerunfilech
eck.sty
Package: rerunfilecheck 2019/12/05 v1.9 Rerun checks for auxiliary files (HO)

(C:\Users\joanl\AppData\Roaming\MiKTeX\2.9\tex/generic/uniquecounter\uniquecoun
ter.sty
Package: uniquecounter 2019/12/15 v1.4 Provide unlimited unique counter (HO)
)
Package uniquecounter Info: New unique counter `rerunfilecheck' on input line 2
86.
)
\Hy@SectionHShift=\skip77
)
Package hyperref Info: Option `colorlinks' set `false' on input line 305.
Package hyperref Info: Option `linktocpage' set `true' on input line 305.
Package hyperref Info: Option `breaklinks' set `true' on input line 305.
Package hyperref Info: Option `pageanchor' set `true' on input line 305.
Package hyperref Info: Option `plainpages' set `false' on input line 305.
Package hyperref Info: Option `bookmarksnumbered' set `true' on input line 305.

Package hyperref Info: Option `bookmarksopen' set `true' on input line 305.
Package hyperref Info: Option `hypertexnames' set `true' on input line 305.
 ("C:\Program Files\MiKTeX 2.9\tex/latex/base\ifthen.sty"
Package: ifthen 2014/09/29 v1.1c Standard LaTeX ifthen package (DPC)
)
("C:\Program Files\MiKTeX 2.9\tex/latex/hyperref\backref.sty"
Package: backref 2020/01/14 v1.40 Bibliographical back referencing
)
(C:\Users\joanl\AppData\Roaming\MiKTeX\2.9\tex/latex/classicthesis\classicthesi
s.sty
Package: classicthesis 2018/06/03 v4.6 Typographic style for a classic-looking 
thesis
 ("C:\Program Files\MiKTeX 2.9\tex/generic/iftex\ifpdf.sty"
Package: ifpdf 2019/10/25 v3.4 ifpdf legacy package. Use iftex instead.
)
("C:\Program Files\MiKTeX 2.9\tex/generic/iftex\ifxetex.sty"
Package: ifxetex 2019/10/25 v0.7 ifxetex legacy package. Use iftex instead.
)
("C:\Program Files\MiKTeX 2.9\tex/generic/iftex\ifluatex.sty"
Package: ifluatex 2019/10/25 v1.5 ifluatex legacy package. Use iftex instead.
)
("C:\Program Files\MiKTeX 2.9\tex/latex/xcolor\xcolor.sty"
Package: xcolor 2016/05/11 v2.12 LaTeX color extensions (UK)

("C:\Program Files\MiKTeX 2.9\tex/latex/graphics-cfg\color.cfg"
File: color.cfg 2016/01/02 v1.6 sample color configuration
)
Package xcolor Info: Driver file: pdftex.def on input line 225.
Package xcolor Info: Model `cmy' substituted by `cmy0' on input line 1348.
Package xcolor Info: Model `hsb' substituted by `rgb' on input line 1352.
Package xcolor Info: Model `RGB' extended on input line 1364.
Package xcolor Info: Model `HTML' substituted by `rgb' on input line 1366.
Package xcolor Info: Model `Hsb' substituted by `hsb' on input line 1367.
Package xcolor Info: Model `tHsb' substituted by `hsb' on input line 1368.
Package xcolor Info: Model `HSB' substituted by `hsb' on input line 1369.
Package xcolor Info: Model `Gray' substituted by `gray' on input line 1370.
Package xcolor Info: Model `wave' substituted by `hsb' on input line 1371.

("C:\Program Files\MiKTeX 2.9\tex/latex/graphics\dvipsnam.def"
File: dvipsnam.def 2016/06/17 v3.0m Driver-dependent file (DPC,SPQR)
))
(C:\Users\joanl\AppData\Roaming\MiKTeX\2.9\tex/latex/psnfss\mathpazo.sty
Package: mathpazo 2020/03/25 PSNFSS-v9.3 Palatino w/ Pazo Math (D.Puga, WaS) 
\symupright=\mathgroup9
)
(C:\Users\joanl\AppData\Roaming\MiKTeX\2.9\tex/latex/bera\beramono.sty
Package: beramono 2004/01/31 (WaS)
)
LaTeX Font Info:    Trying to load font information for U+eur on input line 202
.

("C:\Program Files\MiKTeX 2.9\tex/latex/amsfonts\ueur.fd"
File: ueur.fd 2013/01/14 v3.01 Euler Roman
)
(C:\Users\joanl\AppData\Roaming\MiKTeX\2.9\tex/latex/microtype\microtype.sty
Package: microtype 2019/11/18 v2.7d Micro-typographical refinements (RS)
\MT@toks=\toks29
\MT@count=\count289
LaTeX Info: Redefining \textls on input line 790.
\MT@outer@kern=\dimen170
LaTeX Info: Redefining \textmicrotypecontext on input line 1354.
\MT@listname@count=\count290

(C:\Users\joanl\AppData\Roaming\MiKTeX\2.9\tex/latex/microtype\microtype-pdftex
.def
File: microtype-pdftex.def 2019/11/18 v2.7d Definitions specific to pdftex (RS)

LaTeX Info: Redefining \lsstyle on input line 914.
LaTeX Info: Redefining \lslig on input line 914.
\MT@outer@space=\skip78
)
Package microtype Info: Loading configuration file microtype.cfg.

(C:\Users\joanl\AppData\Roaming\MiKTeX\2.9\tex/latex/microtype\microtype.cfg
File: microtype.cfg 2019/11/18 v2.7d microtype main configuration file (RS)
))
Package classicthesis Info: A4 paper, Palatino or other on input line 251.
Package typearea Info: These are the values describing the layout:
(typearea)             DIV  = areaset
(typearea)             BCOR = 14.22636pt
(typearea)             \paperwidth      = 443.86299pt
(typearea)              \textwidth      = 336.0pt
(typearea)              \evensidemargin = -9.84558pt
(typearea)              \oddsidemargin  = -26.83142pt
(typearea)             \paperheight     = 665.79448pt
(typearea)              \textheight     = 713.65pt
(typearea)              \topmargin      = -100.33849pt
(typearea)              \headheight     = 15.95pt
(typearea)              \headsep        = 20.40001pt
(typearea)              \topskip        = 11.0pt
(typearea)              \footskip       = 47.60002pt
(typearea)              \baselineskip   = 13.6pt
(typearea)              on input line 251.


Package typearea Warning: page content and margins higher than paper.
(typearea)                This may result in page footer out of paper.
(typearea)                You should decrease DIV, decrease foot height,
(typearea)                or decreate height of text area.

(C:\Users\joanl\AppData\Roaming\MiKTeX\2.9\tex/latex/booktabs\booktabs.sty
Package: booktabs 2020/01/12 v1.61803398 Publication quality tables
\heavyrulewidth=\dimen171
\lightrulewidth=\dimen172
\cmidrulewidth=\dimen173
\belowrulesep=\dimen174
\belowbottomsep=\dimen175
\aboverulesep=\dimen176
\abovetopsep=\dimen177
\cmidrulesep=\dimen178
\cmidrulekern=\dimen179
\defaultaddspace=\dimen180
\@cmidla=\count291
\@cmidlb=\count292
\@aboverulesep=\dimen181
\@belowrulesep=\dimen182
\@thisruleclass=\count293
\@lastruleclass=\count294
\@thisrulewidth=\dimen183
)
(C:\Users\joanl\AppData\Roaming\MiKTeX\2.9\tex/latex/textcase\textcase.sty
Package: textcase 2019/09/14 v1.00 Text only upper/lower case changing (DPC)
)
Package classicthesis Info: Using microtype for character spacing.Make sure you
r pdflatex is version 1.40 or higher. on input line 321.

(C:\Users\joanl\AppData\Roaming\MiKTeX\2.9\tex/latex/koma-script\scrlayer-scrpa
ge.sty
Package: scrlayer-scrpage 2020/01/24 v3.29 KOMA-Script package (end user interf
ace for scrlayer)

(C:\Users\joanl\AppData\Roaming\MiKTeX\2.9\tex/latex/koma-script\scrlayer.sty
Package: scrlayer 2020/01/24 v3.29 KOMA-Script package (defining layers and pag
e styles)
Package scrlayer Info: Using already defined \footheight
(scrlayer)             hoping, that this is a length and
(scrlayer)             not only a macro on input line 109.
Package scrlayer Info: patching LaTeX kernel macro \pagestyle on input line 210
6.
)
Package scrlayer-scrpage Info: Makeing stand-alone element `pagehead' from
(scrlayer-scrpage)             alias to `pageheadfoot' on input line 1244.
Package scrlayer-scrpage Info: deactivating warning for font element
(scrlayer-scrpage)             `pagefoot' on input line 1271.
)
Package scrlayer-scrpage Info: auto-selection of `pagestyleset=KOMA-Script'.
1: section
1: chapter
1: chapter
1: section
(C:\Users\joanl\AppData\Roaming\MiKTeX\2.9\tex/latex/titlesec\titlesec.sty
Package: titlesec 2019/10/16 v2.13 Sectioning titles
\ttl@box=\box53
\beforetitleunit=\skip79
\aftertitleunit=\skip80
\ttl@plus=\dimen184
\ttl@minus=\dimen185
\ttl@toksa=\toks30
\titlewidth=\dimen186
\titlewidthlast=\dimen187
\titlewidthfirst=\dimen188


Package titlesec Warning: Non standard sectioning command \section
(titlesec)                detected. Using default spacing and no format.


Package titlesec Warning: Non standard sectioning command \subsection
(titlesec)                detected. Using default spacing and no format.


Package titlesec Warning: Non standard sectioning command \subsubsection
(titlesec)                detected. Using default spacing and no format.


Package titlesec Warning: Non standard sectioning command \paragraph
(titlesec)                detected. Using default spacing and no format.


Package titlesec Warning: Non standard sectioning command \subparagraph
(titlesec)                detected. Using default spacing and no format.

)
Class scrreprt Info: Unknown `titesec' release.
(scrreprt)           Cross your fingers, that is compatible on input line 362.


Class scrreprt Warning: Usage of package `tocloft' together
(scrreprt)              with a KOMA-Script class is not recommended.
(scrreprt)              I'd suggest to use options like `listof=entryprefix',
(scrreprt)              commands like `\listoflofentryname' or
(scrreprt)              `\listoflotentryname', and `\DeclareTOCStyleEntry' or
(scrreprt)              `\RedeclareSectionCommand' instead of this package,
(scrreprt)              because it breaks several KOMA-Script features of
(scrreprt)              the list of figures, list of tables and table of
(scrreprt)              contents, i.e., options like `listof=numbered',
(scrreprt)              `listof=flat or `toc=flat', commands like
(scrreprt)              `\BeforeTOCHead{...}' and `\AfterTOCHead{...}',
(scrreprt)              `\BeforeStartingTOC{...}' and \AfterStartingTOC{...}',
(scrreprt)              all features of `\DeclareTOCStyleEntry',
(scrreprt)              and the ToC entry features of `\DeclareSecionCommand'
(scrreprt)              and `\RedeclareSectionCommand' of levels
(scrreprt)              `part', `section', `subsection',
(scrreprt)              `subsubsection', `paragraph' and `subparagraph'.
(scrreprt)              Nevertheless, using requested
(scrreprt)              package `tocloft' on input line 416.

(C:\Users\joanl\AppData\Roaming\MiKTeX\2.9\tex/latex/tocloft\tocloft.sty
Package: tocloft 2017/08/31 v2.3i parameterised ToC, etc., typesetting
Package tocloft Info: The document has chapter divisions on input line 51.
\cftparskip=\skip81
\cftbeforetoctitleskip=\skip82
\cftaftertoctitleskip=\skip83
\cftbeforepartskip=\skip84
\cftpartnumwidth=\skip85
\cftpartindent=\skip86
\cftbeforechapskip=\skip87
\cftchapindent=\skip88
\cftchapnumwidth=\skip89
\cftbeforesecskip=\skip90
\cftsecindent=\skip91
\cftsecnumwidth=\skip92
\cftbeforesubsecskip=\skip93
\cftsubsecindent=\skip94
\cftsubsecnumwidth=\skip95
\cftbeforesubsubsecskip=\skip96
\cftsubsubsecindent=\skip97
\cftsubsubsecnumwidth=\skip98
\cftbeforeparaskip=\skip99
\cftparaindent=\skip100
\cftparanumwidth=\skip101
\cftbeforesubparaskip=\skip102
\cftsubparaindent=\skip103
\cftsubparanumwidth=\skip104
\cftbeforeloftitleskip=\skip105
\cftafterloftitleskip=\skip106
\cftbeforefigskip=\skip107
\cftfigindent=\skip108
\cftfignumwidth=\skip109
\cftbeforelottitleskip=\skip110
\cftafterlottitleskip=\skip111
\cftbeforetabskip=\skip112
\cfttabindent=\skip113
\cfttabnumwidth=\skip114
\cftbeforesubfigskip=\skip115
\cftsubfigindent=\skip116
\cftsubfignumwidth=\skip117
\cftbeforesubtabskip=\skip118
\cftsubtabindent=\skip119
\cftsubtabnumwidth=\skip120
)
\newnumberwidth=\skip121
\beforebibskip=\skip122
\newchnumberwidth=\skip123
\figurelabelwidth=\skip124
\tablelabelwidth=\skip125
\c@listings=\count295
\cftbeforelistingsskip=\skip126
\cftlistingsindent=\skip127
\cftlistingsnumwidth=\skip128
\c@loldepth=\count296
\cftbeforeloltitleskip=\skip129
\cftafterloltitleskip=\skip130
\listingslabelwidth=\skip131

Using KOMA-command "deffootnote" for footnote setup
(C:\Users\joanl\AppData\Roaming\MiKTeX\2.9\tex/latex/koma-script\scrtime.sty
Package: scrtime 2020/01/24 v3.29 KOMA-Script package (time of LaTeX run)
)
Package hyperref Info: Option `colorlinks' set `true' on input line 679.
Package hyperref Info: Option `linktocpage' set `true' on input line 679.
Package hyperref Info: Option `breaklinks' set `true' on input line 679.
)
Package typearea Info: These are the values describing the layout:
(typearea)             DIV  = areaset
(typearea)             BCOR = 14.22636pt
(typearea)             \paperwidth      = 443.86299pt
(typearea)              \textwidth      = 342.0pt
(typearea)              \evensidemargin = -13.84558pt
(typearea)              \oddsidemargin  = -28.83142pt
(typearea)             \paperheight     = 665.79448pt
(typearea)              \textheight     = 524.65pt
(typearea)              \topmargin      = -37.3385pt
(typearea)              \headheight     = 15.95pt
(typearea)              \headsep        = 20.40001pt
(typearea)              \topskip        = 11.0pt
(typearea)              \footskip       = 47.60002pt
(typearea)              \baselineskip   = 13.6pt
(typearea)              on input line 382.
) ("C:\Program Files\MiKTeX 2.9\tex/latex/l3backend\l3backend-pdfmode.def"
File: l3backend-pdfmode.def 2020-02-03 L3 backend support: PDF mode
\l__kernel_color_stack_int=\count297
\l__pdf_internal_box=\box54
)
(C:/Users/joanl/Documents/trama-fixed-2020\trama2012.aux)
\openout1 = `trama2012.aux'.

LaTeX Font Info:    Checking defaults for OML/cmm/m/it on input line 80.
LaTeX Font Info:    ... okay on input line 80.
LaTeX Font Info:    Checking defaults for OMS/cmsy/m/n on input line 80.
LaTeX Font Info:    ... okay on input line 80.
LaTeX Font Info:    Checking defaults for OT1/cmr/m/n on input line 80.
LaTeX Font Info:    ... okay on input line 80.
LaTeX Font Info:    Checking defaults for T1/cmr/m/n on input line 80.
LaTeX Font Info:    ... okay on input line 80.
LaTeX Font Info:    Checking defaults for TS1/cmr/m/n on input line 80.
LaTeX Font Info:    ... okay on input line 80.
LaTeX Font Info:    Checking defaults for OMX/cmex/m/n on input line 80.
LaTeX Font Info:    ... okay on input line 80.
LaTeX Font Info:    Checking defaults for U/cmr/m/n on input line 80.
LaTeX Font Info:    ... okay on input line 80.
LaTeX Font Info:    Checking defaults for PD1/pdf/m/n on input line 80.
LaTeX Font Info:    ... okay on input line 80.
Package scrbase Info: activating british \contentsname on input line 80.
Package scrbase Info: activating british \listfigurename on input line 80.
Package scrbase Info: activating british \listtablename on input line 80.

(C:\Users\joanl\AppData\Roaming\MiKTeX\2.9\tex/latex/ucs\ucsencs.def
File: ucsencs.def 2011/01/21 Fixes to fontencodings LGR, T3
)
("C:\Program Files\MiKTeX 2.9\tex/context/base/mkii\supp-pdf.mkii"
[Loading MPS to PDF converter (version 2006.09.02).]
\scratchcounter=\count298
\scratchdimen=\dimen189
\scratchbox=\box55
\nofMPsegments=\count299
\nofMParguments=\count300
\everyMPshowfont=\toks31
\MPscratchCnt=\count301
\MPscratchDim=\dimen190
\MPnumerator=\count302
\makeMPintoPDFobject=\count303
\everyMPtoPDFconversion=\toks32
) ("C:\Program Files\MiKTeX 2.9\tex/latex/epstopdf-pkg\epstopdf-base.sty"
Package: epstopdf-base 2020-01-24 v2.11 Base part for package epstopdf
Package epstopdf-base Info: Redefining graphics rule for `.eps' on input line 4
85.
)
Package caption Info: Begin \AtBeginDocument code.
Package caption Info: subfig package v1.3 is loaded.
Package caption Info: hyperref package is loaded.
Package caption Info: listings package is loaded.
Package caption Info: End \AtBeginDocument code.
\c@lstlisting=\count304
\AtBeginShipoutBox=\box56
Package hyperref Info: Link coloring ON on input line 80.

("C:\Program Files\MiKTeX 2.9\tex/latex/hyperref\nameref.sty"
Package: nameref 2019/09/16 v2.46 Cross-referencing by name of section

(C:\Users\joanl\AppData\Roaming\MiKTeX\2.9\tex/latex/refcount\refcount.sty
Package: refcount 2019/12/15 v3.6 Data extraction from label references (HO)
)
(C:\Users\joanl\AppData\Roaming\MiKTeX\2.9\tex/generic/gettitlestring\gettitles
tring.sty
Package: gettitlestring 2019/12/15 v1.6 Cleanup title references (HO)
)
\c@section@level=\count305
)
LaTeX Info: Redefining \ref on input line 80.
LaTeX Info: Redefining \pageref on input line 80.
LaTeX Info: Redefining \nameref on input line 80.
 (C:/Users/joanl/Documents/trama-fixed-2020\trama2012.out)
(C:/Users/joanl/Documents/trama-fixed-2020\trama2012.out)
\@outlinefile=\write3
\openout3 = `trama2012.out'.

Class scrreprt Info: loading recommended package `bookmark'.
(scrreprt)           Using `bookmark' together with `hyperref' is recommended,
(scrreprt)           because of handling of possible bookmark level gaps.
(scrreprt)           You can avoid loading `bookmark' with KOMA-Script option
(scrreprt)           `bookmarkpackage=false' before \begin{document} and
(scrreprt)           you can avoid this message adding:
(scrreprt)             \usepackage{bookmark}
(scrreprt)           before \begin{document} on input line 80.

(C:\Users\joanl\AppData\Roaming\MiKTeX\2.9\tex/latex/bookmark\bookmark.sty
Package: bookmark 2019/12/03 v1.28 PDF bookmarks (HO)

(C:\Users\joanl\AppData\Roaming\MiKTeX\2.9\tex/latex/bookmark\bkm-pdftex.def
File: bkm-pdftex.def 2019/12/03 v1.28 bookmark driver for pdfTeX (HO)
Package auxhook Info: \AddLineBeginMainAux comes a little late,
(auxhook)             because the main .aux file is already opened on input lin
e 168.
\BKM@id=\count306
))
Package backref Info: ** backref set up for natbib ** on input line 80.
LaTeX Info: Redefining \microtypecontext on input line 80.
Package microtype Info: Generating PDF output.
Package microtype Info: Character protrusion enabled (level 2).
Package microtype Info: Using default protrusion set `alltext'.
Package microtype Info: Automatic font expansion enabled (level 2),
(microtype)             stretch: 20, shrink: 20, step: 1, non-selected.
Package microtype Info: Using default expansion set `basictext'.
LaTeX Info: Redefining \showhyphens on input line 80.
Package microtype Info: No adjustment of tracking.
Package microtype Info: No adjustment of interword spacing.
Package microtype Info: No adjustment of character kerning.

(C:\Users\joanl\AppData\Roaming\MiKTeX\2.9\tex/latex/microtype\mt-cmr.cfg
File: mt-cmr.cfg 2013/05/19 v2.2 microtype config. file: Computer Modern Roman 
(RS)
)
<figures/logos/marca_pos_rgb.jpg, id=3, 970.5861pt x 284.5029pt>
File: figures/logos/marca_pos_rgb.jpg Graphic file (type jpg)
<use figures/logos/marca_pos_rgb.jpg>
Package pdftex.def Info: figures/logos/marca_pos_rgb.jpg  used on input line 93
.
(pdftex.def)             Requested size: 108.12054pt x 31.69046pt.
LaTeX Font Info:    Trying to load font information for OT1+pplx on input line 
107.

(C:\Users\joanl\AppData\Roaming\MiKTeX\2.9\tex/latex/psnfss\ot1pplx.fd
File: ot1pplx.fd 2004/09/06 font definitions for OT1/pplx.
)
(C:\Users\joanl\AppData\Roaming\MiKTeX\2.9\tex/latex/microtype\mt-ppl.cfg
File: mt-ppl.cfg 2005/11/16 v1.6 microtype config. file: Palatino (RS)
)
LaTeX Font Info:    Trying to load font information for OML+zplm on input line 
107.

(C:\Users\joanl\AppData\Roaming\MiKTeX\2.9\tex/latex/psnfss\omlzplm.fd
File: omlzplm.fd 2002/09/08 Fontinst v1.914 font definitions for OML/zplm.
)
LaTeX Font Info:    Trying to load font information for OMS+zplm on input line 
107.

(C:\Users\joanl\AppData\Roaming\MiKTeX\2.9\tex/latex/psnfss\omszplm.fd
File: omszplm.fd 2002/09/08 Fontinst v1.914 font definitions for OMS/zplm.
)
LaTeX Font Info:    Trying to load font information for OMX+zplm on input line 
107.

(C:\Users\joanl\AppData\Roaming\MiKTeX\2.9\tex/latex/psnfss\omxzplm.fd
File: omxzplm.fd 2002/09/08 Fontinst v1.914 font definitions for OMX/zplm.
)
LaTeX Font Info:    Font shape `U/msa/m/n' will be
(Font)              scaled to size 12.50409pt on input line 107.

(C:\Users\joanl\AppData\Roaming\MiKTeX\2.9\tex/latex/microtype\mt-msa.cfg
File: mt-msa.cfg 2006/02/04 v1.1 microtype config. file: AMS symbols (a) (RS)
)
LaTeX Font Info:    Font shape `U/msa/m/n' will be
(Font)              scaled to size 9.37807pt on input line 107.
LaTeX Font Info:    Font shape `U/msa/m/n' will be
(Font)              scaled to size 7.29405pt on input line 107.
LaTeX Font Info:    Font shape `U/msb/m/n' will be
(Font)              scaled to size 12.50409pt on input line 107.

(C:\Users\joanl\AppData\Roaming\MiKTeX\2.9\tex/latex/microtype\mt-msb.cfg
File: mt-msb.cfg 2005/06/01 v1.0 microtype config. file: AMS symbols (b) (RS)
)
LaTeX Font Info:    Font shape `U/msb/m/n' will be
(Font)              scaled to size 9.37807pt on input line 107.
LaTeX Font Info:    Font shape `U/msb/m/n' will be
(Font)              scaled to size 7.29405pt on input line 107.
LaTeX Font Info:    Trying to load font information for OT1+zplm on input line 
107.

(C:\Users\joanl\AppData\Roaming\MiKTeX\2.9\tex/latex/psnfss\ot1zplm.fd
File: ot1zplm.fd 2002/09/08 Fontinst v1.914 font definitions for OT1/zplm.
)
Package microtype Info: Loading generic protrusion settings for font family
(microtype)             `zplm' (encoding: OT1).
(microtype)             For optimal results, create family-specific settings.
(microtype)             See the microtype manual for details.


Class scrreprt Warning: deprecated old font command `\bf' used.
(scrreprt)              You should note, that since 1994 LaTeX2e provides a
(scrreprt)              new font selection scheme called NFSS2 with several
(scrreprt)              new, combinable font commands. New KOMA-Script classes
(scrreprt)              defined the old font commands like `\bf' only for
(scrreprt)              compatibility with LaTeX 2.09 document styles of
(scrreprt)              Script 2.0. These commands are deprecated and
(scrreprt)              undocumented at least since 2003. Since 2013,
(scrreprt)              KOMA-Script classes warned about soon removement of
(scrreprt)              these deprecated commands. Now, after two decades of
(scrreprt)              LaTeX2e, NFSS2, and KOMA-Script these commands will
(scrreprt)              not work any longer. If loading a package results in
(scrreprt)              this message you should contact the author of that
(scrreprt)              package and ask him to replace the depracted font
(scrreprt)              command `\bf', e.g., by `\normalfont \bfseries '.
(scrreprt)              Otherwise you should reconfigure or replace the
(scrreprt)              package. If you have used the old font command
(scrreprt)              `\bf' yourself you should replace it, e.g., by
(scrreprt)              `\normalfont \bfseries ' on input line 135.

LaTeX Font Info:    Font shape `U/msa/m/n' will be
(Font)              scaled to size 11.40997pt on input line 135.
LaTeX Font Info:    Font shape `U/msa/m/n' will be
(Font)              scaled to size 8.33606pt on input line 135.
LaTeX Font Info:    Font shape `U/msa/m/n' will be
(Font)              scaled to size 6.25204pt on input line 135.
LaTeX Font Info:    Font shape `U/msb/m/n' will be
(Font)              scaled to size 11.40997pt on input line 135.
LaTeX Font Info:    Font shape `U/msb/m/n' will be
(Font)              scaled to size 8.33606pt on input line 135.
LaTeX Font Info:    Font shape `U/msb/m/n' will be
(Font)              scaled to size 6.25204pt on input line 135.

Class scrreprt Warning: deprecated old font command `\bf' used.
(scrreprt)              You should note, that since 1994 LaTeX2e provides a
(scrreprt)              new font selection scheme called NFSS2 with several
(scrreprt)              new, combinable font commands. New KOMA-Script classes
(scrreprt)              defined the old font commands like `\bf' only for
(scrreprt)              compatibility with LaTeX 2.09 document styles of
(scrreprt)              Script 2.0. These commands are deprecated and
(scrreprt)              undocumented at least since 2003. Since 2013,
(scrreprt)              KOMA-Script classes warned about soon removement of
(scrreprt)              these deprecated commands. Now, after two decades of
(scrreprt)              LaTeX2e, NFSS2, and KOMA-Script these commands will
(scrreprt)              not work any longer. If loading a package results in
(scrreprt)              this message you should contact the author of that
(scrreprt)              package and ask him to replace the depracted font
(scrreprt)              command `\bf', e.g., by `\normalfont \bfseries '.
(scrreprt)              Otherwise you should reconfigure or replace the
(scrreprt)              package. If you have used the old font command
(scrreprt)              `\bf' yourself you should replace it, e.g., by
(scrreprt)              `\normalfont \bfseries ' on input line 136.

<figures/logos/EL_logo.png, id=4, 325.215pt x 171.64125pt>
File: figures/logos/EL_logo.png Graphic file (type png)
<use figures/logos/EL_logo.png>
Package pdftex.def Info: figures/logos/EL_logo.png  used on input line 143.
(pdftex.def)             Requested size: 97.56525pt x 51.49275pt.
[1



{C:/Users/joanl/AppData/Local/MiKTeX/2.9/pdftex/config/pdftex.map} <C:/Users/jo
anl/Documents/trama-fixed-2020/figures/logos/marca_pos_rgb.jpg> <C:/Users/joanl
/Documents/trama-fixed-2020/figures/logos/EL_logo.png>] [2


]

Class scrreprt Warning: deprecated old font command `\bf' used.
(scrreprt)              You should note, that since 1994 LaTeX2e provides a
(scrreprt)              new font selection scheme called NFSS2 with several
(scrreprt)              new, combinable font commands. New KOMA-Script classes
(scrreprt)              defined the old font commands like `\bf' only for
(scrreprt)              compatibility with LaTeX 2.09 document styles of
(scrreprt)              Script 2.0. These commands are deprecated and
(scrreprt)              undocumented at least since 2003. Since 2013,
(scrreprt)              KOMA-Script classes warned about soon removement of
(scrreprt)              these deprecated commands. Now, after two decades of
(scrreprt)              LaTeX2e, NFSS2, and KOMA-Script these commands will
(scrreprt)              not work any longer. If loading a package results in
(scrreprt)              this message you should contact the author of that
(scrreprt)              package and ask him to replace the depracted font
(scrreprt)              command `\bf', e.g., by `\normalfont \bfseries '.
(scrreprt)              Otherwise you should reconfigure or replace the
(scrreprt)              package. If you have used the old font command
(scrreprt)              `\bf' yourself you should replace it, e.g., by
(scrreprt)              `\normalfont \bfseries ' on input line 163.


Class scrreprt Warning: deprecated old font command `\bf' used.
(scrreprt)              You should note, that since 1994 LaTeX2e provides a
(scrreprt)              new font selection scheme called NFSS2 with several
(scrreprt)              new, combinable font commands. New KOMA-Script classes
(scrreprt)              defined the old font commands like `\bf' only for
(scrreprt)              compatibility with LaTeX 2.09 document styles of
(scrreprt)              Script 2.0. These commands are deprecated and
(scrreprt)              undocumented at least since 2003. Since 2013,
(scrreprt)              KOMA-Script classes warned about soon removement of
(scrreprt)              these deprecated commands. Now, after two decades of
(scrreprt)              LaTeX2e, NFSS2, and KOMA-Script these commands will
(scrreprt)              not work any longer. If loading a package results in
(scrreprt)              this message you should contact the author of that
(scrreprt)              package and ask him to replace the depracted font
(scrreprt)              command `\bf', e.g., by `\normalfont \bfseries '.
(scrreprt)              Otherwise you should reconfigure or replace the
(scrreprt)              package. If you have used the old font command
(scrreprt)              `\bf' yourself you should replace it, e.g., by
(scrreprt)              `\normalfont \bfseries ' on input line 164.


Class scrreprt Warning: deprecated old font command `\bf' used.
(scrreprt)              You should note, that since 1994 LaTeX2e provides a
(scrreprt)              new font selection scheme called NFSS2 with several
(scrreprt)              new, combinable font commands. New KOMA-Script classes
(scrreprt)              defined the old font commands like `\bf' only for
(scrreprt)              compatibility with LaTeX 2.09 document styles of
(scrreprt)              Script 2.0. These commands are deprecated and
(scrreprt)              undocumented at least since 2003. Since 2013,
(scrreprt)              KOMA-Script classes warned about soon removement of
(scrreprt)              these deprecated commands. Now, after two decades of
(scrreprt)              LaTeX2e, NFSS2, and KOMA-Script these commands will
(scrreprt)              not work any longer. If loading a package results in
(scrreprt)              this message you should contact the author of that
(scrreprt)              package and ask him to replace the depracted font
(scrreprt)              command `\bf', e.g., by `\normalfont \bfseries '.
(scrreprt)              Otherwise you should reconfigure or replace the
(scrreprt)              package. If you have used the old font command
(scrreprt)              `\bf' yourself you should replace it, e.g., by
(scrreprt)              `\normalfont \bfseries ' on input line 165.


Class scrreprt Warning: deprecated old font command `\bf' used.
(scrreprt)              You should note, that since 1994 LaTeX2e provides a
(scrreprt)              new font selection scheme called NFSS2 with several
(scrreprt)              new, combinable font commands. New KOMA-Script classes
(scrreprt)              defined the old font commands like `\bf' only for
(scrreprt)              compatibility with LaTeX 2.09 document styles of
(scrreprt)              Script 2.0. These commands are deprecated and
(scrreprt)              undocumented at least since 2003. Since 2013,
(scrreprt)              KOMA-Script classes warned about soon removement of
(scrreprt)              these deprecated commands. Now, after two decades of
(scrreprt)              LaTeX2e, NFSS2, and KOMA-Script these commands will
(scrreprt)              not work any longer. If loading a package results in
(scrreprt)              this message you should contact the author of that
(scrreprt)              package and ask him to replace the depracted font
(scrreprt)              command `\bf', e.g., by `\normalfont \bfseries '.
(scrreprt)              Otherwise you should reconfigure or replace the
(scrreprt)              package. If you have used the old font command
(scrreprt)              `\bf' yourself you should replace it, e.g., by
(scrreprt)              `\normalfont \bfseries ' on input line 166.


Underfull \hbox (badness 7099) in paragraph at lines 163--168
\T1/cmr/bx/n/10.95 Research Line: \T1/cmr/m/sc/10.95/80ls (+20) ap-lic-a-ci de
 noves
 []


Underfull \hbox (badness 10000) in paragraph at lines 163--168

 []

LaTeX Font Info:    Font shape `U/msa/m/n' will be
(Font)              scaled to size 10.42007pt on input line 169.
LaTeX Font Info:    Font shape `U/msa/m/n' will be
(Font)              scaled to size 7.91925pt on input line 169.
LaTeX Font Info:    Font shape `U/msb/m/n' will be
(Font)              scaled to size 10.42007pt on input line 169.
LaTeX Font Info:    Font shape `U/msb/m/n' will be
(Font)              scaled to size 7.91925pt on input line 169.
[3
! pdfTeX error (font expansion): auto expansion is only possible with scalable 
fonts.
\AtBegShi@Output ...ipout \box \AtBeginShipoutBox 
                                                  \fi \fi 
l.169 \cleardoublepage
                      

 
Here is how much of TeX's memory you used:
 19748 strings out of 481565
 353740 string characters out of 2923924
 818831 words of memory out of 3000000
 34576 multiletter control sequences out of 15000+200000
 567682 words of font info for 133 fonts, out of 3000000 for 9000
 1141 hyphenation exceptions out of 8191
 59i,20n,81p,10146b,611s stack positions out of 5000i,500n,10000p,200000b,50000s
!  ==> Fatal error occurred, no output PDF file produced!
